2023-12-20 09:03:40,996 [Worker-8: Loading available Gradle versions] INFO  o.e.b.c.i.u.g.PublishedGradleVersions - Gradle version information cache is up-to-date. Trying to read.
2023-12-21 09:03:43,334 [Worker-7: Loading available Gradle versions] INFO  o.e.b.c.i.u.g.PublishedGradleVersions - Gradle version information cache is out-of-date. Trying to update.
2023-12-22 08:37:42,521 [Worker-2: Loading available Gradle versions] INFO  o.e.b.c.i.u.g.PublishedGradleVersions - Gradle version information cache is up-to-date. Trying to read.
2023-12-26 10:41:45,685 [Worker-4: Loading available Gradle versions] INFO  o.e.b.c.i.u.g.PublishedGradleVersions - Gradle version information cache is out-of-date. Trying to update.
2023-12-26 16:07:04,137 [main] INFO  org.eclipse.jetty.server.Server - jetty-10.0.15; built: 2023-04-11T17:25:14.480Z; git: 68017dbd00236bb7e187330d7585a059610f661d; jvm 17.0.8.1+1
2023-12-26 16:07:04,165 [main] INFO  o.e.j.s.s.DefaultSessionIdManager - Session workerName=node0
2023-12-26 16:07:04,194 [main] INFO  o.e.j.server.handler.ContextHandler - Started o.e.j.s.ServletContextHandler@1b6a0a49{/wse,null,AVAILABLE}
2023-12-26 16:07:04,211 [main] INFO  o.e.jetty.server.AbstractConnector - Started ServerConnector@491a62ff{HTTP/1.1, (http/1.1)}{0.0.0.0:51278}
2023-12-26 16:07:04,215 [main] INFO  org.eclipse.jetty.server.Server - Started Server@2981781a{STARTING}[10.0.15,sto=0] @19563902ms
2023-12-26 18:02:37,150 [Framework stop - Equinox Container: a5dcf0ec-6b87-465d-b76a-4beb0cca8276] INFO  org.eclipse.jetty.server.Server - Stopped Server@2981781a{STOPPING}[10.0.15,sto=0]
2023-12-26 18:02:37,156 [Framework stop - Equinox Container: a5dcf0ec-6b87-465d-b76a-4beb0cca8276] INFO  o.e.jetty.server.AbstractConnector - Stopped ServerConnector@491a62ff{HTTP/1.1, (http/1.1)}{0.0.0.0:0}
2023-12-26 18:02:37,172 [Framework stop - Equinox Container: a5dcf0ec-6b87-465d-b76a-4beb0cca8276] INFO  o.e.j.server.handler.ContextHandler - Stopped o.e.j.s.ServletContextHandler@1b6a0a49{/wse,null,STOPPED}
2023-12-27 08:38:28,966 [Worker-7: Loading available Gradle versions] INFO  o.e.b.c.i.u.g.PublishedGradleVersions - Gradle version information cache is up-to-date. Trying to read.
2023-12-28 08:27:41,701 [Worker-1: Loading available Gradle versions] INFO  o.e.b.c.i.u.g.PublishedGradleVersions - Gradle version information cache is out-of-date. Trying to update.
2024-01-02 08:55:35,010 [Worker-10: Loading available Gradle versions] INFO  o.e.b.c.i.u.g.PublishedGradleVersions - Gradle version information cache is out-of-date. Trying to update.
2024-01-02 11:14:21,981 [Worker-79: Remove Repositories] WARN  org.eclipse.jgit.lib.Repository - close() called when useCnt is already zero for Repository[C:\Users\sist\git\TestProject\.git]
2024-01-02 11:16:19,700 [Worker-9: Loading available Gradle versions] INFO  o.e.b.c.i.u.g.PublishedGradleVersions - Gradle version information cache is up-to-date. Trying to read.
2024-01-02 11:31:45,077 [Worker-4: Loading available Gradle versions] INFO  o.e.b.c.i.u.g.PublishedGradleVersions - Gradle version information cache is up-to-date. Trying to read.
2024-01-02 11:36:58,727 [Worker-6: Loading available Gradle versions] INFO  o.e.b.c.i.u.g.PublishedGradleVersions - Gradle version information cache is up-to-date. Trying to read.
2024-01-02 11:38:59,254 [Worker-6: Loading available Gradle versions] INFO  o.e.b.c.i.u.g.PublishedGradleVersions - Gradle version information cache is up-to-date. Trying to read.
2024-01-02 12:17:10,362 [main] INFO  org.eclipse.jetty.server.Server - jetty-10.0.15; built: 2023-04-11T17:25:14.480Z; git: 68017dbd00236bb7e187330d7585a059610f661d; jvm 17.0.8.1+1
2024-01-02 12:17:10,425 [main] INFO  o.e.j.s.s.DefaultSessionIdManager - Session workerName=node0
2024-01-02 12:17:10,456 [main] INFO  o.e.j.server.handler.ContextHandler - Started o.e.j.s.ServletContextHandler@5fcc940c{/wse,null,AVAILABLE}
2024-01-02 12:17:10,473 [main] INFO  o.e.jetty.server.AbstractConnector - Started ServerConnector@3f91d09a{HTTP/1.1, (http/1.1)}{0.0.0.0:50165}
2024-01-02 12:17:10,477 [main] INFO  org.eclipse.jetty.server.Server - Started Server@5c889dd0{STARTING}[10.0.15,sto=0] @2299228ms
2024-01-02 18:12:09,266 [Framework stop - Equinox Container: b3749044-4a8c-4402-be46-8bf5b017f252] INFO  org.eclipse.jetty.server.Server - Stopped Server@5c889dd0{STOPPING}[10.0.15,sto=0]
2024-01-02 18:12:09,279 [Framework stop - Equinox Container: b3749044-4a8c-4402-be46-8bf5b017f252] INFO  o.e.jetty.server.AbstractConnector - Stopped ServerConnector@3f91d09a{HTTP/1.1, (http/1.1)}{0.0.0.0:0}
2024-01-02 18:12:09,331 [Framework stop - Equinox Container: b3749044-4a8c-4402-be46-8bf5b017f252] INFO  o.e.j.server.handler.ContextHandler - Stopped o.e.j.s.ServletContextHandler@5fcc940c{/wse,null,STOPPED}
2024-01-03 08:38:41,171 [Worker-7: Loading available Gradle versions] INFO  o.e.b.c.i.u.g.PublishedGradleVersions - Gradle version information cache is up-to-date. Trying to read.
2024-01-03 09:14:35,527 [Worker-4: Loading available Gradle versions] INFO  o.e.b.c.i.u.g.PublishedGradleVersions - Gradle version information cache is out-of-date. Trying to update.
2024-01-04 08:59:04,964 [Worker-2: Loading available Gradle versions] INFO  o.e.b.c.i.u.g.PublishedGradleVersions - Gradle version information cache is up-to-date. Trying to read.
2024-01-04 18:46:03,307 [Worker-2: Loading available Gradle versions] INFO  o.e.b.c.i.u.g.PublishedGradleVersions - Gradle version information cache is up-to-date. Trying to read.
2024-01-05 08:40:26,007 [Worker-4: Loading available Gradle versions] INFO  o.e.b.c.i.u.g.PublishedGradleVersions - Gradle version information cache is up-to-date. Trying to read.
2024-01-08 08:53:37,832 [Worker-7: Loading available Gradle versions] INFO  o.e.b.c.i.u.g.PublishedGradleVersions - Gradle version information cache is out-of-date. Trying to update.
2024-01-09 08:34:14,035 [Worker-6: Loading available Gradle versions] INFO  o.e.b.c.i.u.g.PublishedGradleVersions - Gradle version information cache is up-to-date. Trying to read.
